  golf.cpp
  Generating Code...
  Skipping... (no relevant changes detected)
  main.cpp
main.obj : error LNK2019: unresolved external symbol "public: __thiscall golf::golf(void)" (??0golf@@QAE@XZ) referenced in function _main
C:\Users\dbial\Desktop\Ksi╣┐ka C++\r10z3\Debug\r10z3.exe : fatal error LNK1120: 1 unresolved externals
